<?xml version="1.0" encoding="UTF-8"?>
<testsuite name="com.sixesSense.recorder.review.command.application.controller.ReviewControllerTests" tests="2" skipped="0" failures="0" errors="0" timestamp="2023-08-11T01:12:31" hostname="fv-az626-402" time="0.284">
  <properties/>
  <testcase name="저장 확인" classname="com.sixesSense.recorder.review.command.application.controller.ReviewControllerTests" time="0.189"/>
  <testcase name="조회 테스트" classname="com.sixesSense.recorder.review.command.application.controller.ReviewControllerTests" time="0.094"/>
  <system-out><![CDATA[2023-08-11 01:12:31.178  INFO 2864 --- [    Test worker] .b.t.c.SpringBootTestContextBootstrapper : Neither @ContextConfiguration nor @ContextHierarchy found for test class [com.sixesSense.recorder.review.command.application.controller.ReviewControllerTests], using SpringBootContextLoader
2023-08-11 01:12:31.190  INFO 2864 --- [    Test worker] o.s.t.c.support.AbstractContextLoader    : Could not detect default resource locations for test class [com.sixesSense.recorder.review.command.application.controller.ReviewControllerTests]: no resource found for suffixes {-context.xml, Context.groovy}.
2023-08-11 01:12:31.191  INFO 2864 --- [    Test worker] t.c.s.AnnotationConfigContextLoaderUtils : Could not detect default configuration classes for test class [com.sixesSense.recorder.review.command.application.controller.ReviewControllerTests]: ReviewControllerTests does not declare any static, non-private, non-final, nested classes annotated with @Configuration.
2023-08-11 01:12:31.196  INFO 2864 --- [    Test worker] .b.t.c.SpringBootTestContextBootstrapper : Found @SpringBootConfiguration com.sixesSense.recorder.RecoderApplication for test class com.sixesSense.recorder.review.command.application.controller.ReviewControllerTests
2023-08-11 01:12:31.207  INFO 2864 --- [    Test worker] .b.t.c.SpringBootTestContextBootstrapper : Loaded default TestExecutionListener class names from location [META-INF/spring.factories]: [org.springframework.boot.test.autoconfigure.restdocs.RestDocsTestExecutionListener, org.springframework.boot.test.autoconfigure.web.client.MockRestServiceServerResetTestExecutionListener, org.springframework.boot.test.autoconfigure.web.servlet.MockMvcPrintOnlyOnFailureTestExecutionListener, org.springframework.boot.test.autoconfigure.web.servlet.WebDriverTestExecutionListener, org.springframework.boot.test.autoconfigure.webservices.client.MockWebServiceServerTestExecutionListener, org.springframework.boot.test.mock.mockito.MockitoTestExecutionListener, org.springframework.boot.test.mock.mockito.ResetMocksTestExecutionListener, org.springframework.test.context.web.ServletTestExecutionListener, org.springframework.test.context.support.DirtiesContextBeforeModesTestExecutionListener, org.springframework.test.context.event.ApplicationEventsTestExecutionListener, org.springframework.test.context.support.DependencyInjectionTestExecutionListener, org.springframework.test.context.support.DirtiesContextTestExecutionListener, org.springframework.test.context.transaction.TransactionalTestExecutionListener, org.springframework.test.context.jdbc.SqlScriptsTestExecutionListener, org.springframework.test.context.event.EventPublishingTestExecutionListener]
2023-08-11 01:12:31.208  INFO 2864 --- [    Test worker] .b.t.c.SpringBootTestContextBootstrapper : Using TestExecutionListeners: [org.springframework.test.context.web.ServletTestExecutionListener@56ece9c, org.springframework.test.context.support.DirtiesContextBeforeModesTestExecutionListener@1c4a8c93, org.springframework.test.context.event.ApplicationEventsTestExecutionListener@6d3c80bf, org.springframework.boot.test.mock.mockito.MockitoTestExecutionListener@2f53e07d, org.springframework.boot.test.autoconfigure.SpringBootDependencyInjectionTestExecutionListener@5c3ad125, org.springframework.test.context.support.DirtiesContextTestExecutionListener@145ce025, org.springframework.test.context.transaction.TransactionalTestExecutionListener@1deca369, org.springframework.test.context.jdbc.SqlScriptsTestExecutionListener@2d0ce8a1, org.springframework.test.context.event.EventPublishingTestExecutionListener@2735a7dc, org.springframework.boot.test.autoconfigure.restdocs.RestDocsTestExecutionListener@549b26d7, org.springframework.boot.test.autoconfigure.web.client.MockRestServiceServerResetTestExecutionListener@2c9430c6, org.springframework.boot.test.autoconfigure.web.servlet.MockMvcPrintOnlyOnFailureTestExecutionListener@66978c15, org.springframework.boot.test.autoconfigure.web.servlet.WebDriverTestExecutionListener@6c96dc5c, org.springframework.boot.test.autoconfigure.webservices.client.MockWebServiceServerTestExecutionListener@61b6f287, org.springframework.boot.test.mock.mockito.ResetMocksTestExecutionListener@6ca9ec77]
2023-08-11 01:12:31.241  INFO 2864 --- [    Test worker] o.s.t.c.transaction.TransactionContext   : Began transaction (1) for test context [DefaultTestContext@3524ee20 testClass = ReviewControllerTests, testInstance = com.sixesSense.recorder.review.command.application.controller.ReviewControllerTests@6bc1c8d0, testMethod = CreateContent@ReviewControllerTests, testException = [null], mergedContextConfiguration = [WebMergedContextConfiguration@7f93fce1 testClass = ReviewControllerTests, locations = '{}', classes = '{class com.sixesSense.recorder.RecoderApplication}', contextInitializerClasses = '[]', activeProfiles = '{}', propertySourceLocations = '{}', propertySourceProperties = '{org.springframework.boot.test.context.SpringBootTestContextBootstrapper=true}', contextCustomizers = set[org.springframework.boot.test.autoconfigure.actuate.metrics.MetricsExportContextCustomizerFactory$DisableMetricExportContextCustomizer@62163b39, org.springframework.boot.test.autoconfigure.properties.PropertyMappingContextCustomizer@0, org.springframework.boot.test.autoconfigure.web.servlet.WebDriverContextCustomizerFactory$Customizer@cb191ca, org.springframework.boot.test.context.filter.ExcludeFilterContextCustomizer@1f2f9244, org.springframework.boot.test.json.DuplicateJsonObjectContextCustomizerFactory$DuplicateJsonObjectContextCustomizer@758c83d8, org.springframework.boot.test.mock.mockito.MockitoContextCustomizer@0, org.springframework.boot.test.web.client.TestRestTemplateContextCustomizer@e077866, org.springframework.boot.test.context.SpringBootTestArgs@1, org.springframework.boot.test.context.SpringBootTestWebEnvironment@452e19ca], resourceBasePath = 'src/main/webapp', contextLoader = 'org.springframework.boot.test.context.SpringBootContextLoader', parent = [null]], attributes = map['org.springframework.test.context.web.ServletTestExecutionListener.activateListener' -> true, 'org.springframework.test.context.web.ServletTestExecutionListener.populatedRequestContextHolder' -> true, 'org.springframework.test.context.web.ServletTestExecutionListener.resetRequestContextHolder' -> true, 'org.springframework.test.context.event.ApplicationEventsTestExecutionListener.recordApplicationEvents' -> false]]; transaction manager [org.springframework.orm.jpa.JpaTransactionManager@7894a250]; rollback [true]
2023-08-11 01:12:31.325 DEBUG 2864 --- [    Test worker] org.hibernate.SQL                        : 
    insert 
    into
        review
        (book_mark_cnt, like_cnt, report_cnt, review_content, review_date, review_title, member_no, tag_no) 
    values
        (?, ?, ?, ?, ?, ?, ?, ?)
Hibernate: 
    insert 
    into
        review
        (book_mark_cnt, like_cnt, report_cnt, review_content, review_date, review_title, member_no, tag_no) 
    values
        (?, ?, ?, ?, ?, ?, ?, ?)
2023-08-11 01:12:31.408  INFO 2864 --- [    Test worker] o.s.t.c.transaction.TransactionContext   : Rolled back transaction for test: [DefaultTestContext@3524ee20 testClass = ReviewControllerTests, testInstance = com.sixesSense.recorder.review.command.application.controller.ReviewControllerTests@6bc1c8d0, testMethod = CreateContent@ReviewControllerTests, testException = [null], mergedContextConfiguration = [WebMergedContextConfiguration@7f93fce1 testClass = ReviewControllerTests, locations = '{}', classes = '{class com.sixesSense.recorder.RecoderApplication}', contextInitializerClasses = '[]', activeProfiles = '{}', propertySourceLocations = '{}', propertySourceProperties = '{org.springframework.boot.test.context.SpringBootTestContextBootstrapper=true}', contextCustomizers = set[org.springframework.boot.test.autoconfigure.actuate.metrics.MetricsExportContextCustomizerFactory$DisableMetricExportContextCustomizer@62163b39, org.springframework.boot.test.autoconfigure.properties.PropertyMappingContextCustomizer@0, org.springframework.boot.test.autoconfigure.web.servlet.WebDriverContextCustomizerFactory$Customizer@cb191ca, org.springframework.boot.test.context.filter.ExcludeFilterContextCustomizer@1f2f9244, org.springframework.boot.test.json.DuplicateJsonObjectContextCustomizerFactory$DuplicateJsonObjectContextCustomizer@758c83d8, org.springframework.boot.test.mock.mockito.MockitoContextCustomizer@0, org.springframework.boot.test.web.client.TestRestTemplateContextCustomizer@e077866, org.springframework.boot.test.context.SpringBootTestArgs@1, org.springframework.boot.test.context.SpringBootTestWebEnvironment@452e19ca], resourceBasePath = 'src/main/webapp', contextLoader = 'org.springframework.boot.test.context.SpringBootContextLoader', parent = [null]], attributes = map['org.springframework.test.context.web.ServletTestExecutionListener.activateListener' -> true, 'org.springframework.test.context.web.ServletTestExecutionListener.populatedRequestContextHolder' -> true, 'org.springframework.test.context.web.ServletTestExecutionListener.resetRequestContextHolder' -> true, 'org.springframework.test.context.event.ApplicationEventsTestExecutionListener.recordApplicationEvents' -> false]]
2023-08-11 01:12:31.418  INFO 2864 --- [    Test worker] o.s.t.c.transaction.TransactionContext   : Began transaction (1) for test context [DefaultTestContext@3524ee20 testClass = ReviewControllerTests, testInstance = com.sixesSense.recorder.review.command.application.controller.ReviewControllerTests@47bae235, testMethod = ReadContent@ReviewControllerTests, testException = [null], mergedContextConfiguration = [WebMergedContextConfiguration@7f93fce1 testClass = ReviewControllerTests, locations = '{}', classes = '{class com.sixesSense.recorder.RecoderApplication}', contextInitializerClasses = '[]', activeProfiles = '{}', propertySourceLocations = '{}', propertySourceProperties = '{org.springframework.boot.test.context.SpringBootTestContextBootstrapper=true}', contextCustomizers = set[org.springframework.boot.test.autoconfigure.actuate.metrics.MetricsExportContextCustomizerFactory$DisableMetricExportContextCustomizer@62163b39, org.springframework.boot.test.autoconfigure.properties.PropertyMappingContextCustomizer@0, org.springframework.boot.test.autoconfigure.web.servlet.WebDriverContextCustomizerFactory$Customizer@cb191ca, org.springframework.boot.test.context.filter.ExcludeFilterContextCustomizer@1f2f9244, org.springframework.boot.test.json.DuplicateJsonObjectContextCustomizerFactory$DuplicateJsonObjectContextCustomizer@758c83d8, org.springframework.boot.test.mock.mockito.MockitoContextCustomizer@0, org.springframework.boot.test.web.client.TestRestTemplateContextCustomizer@e077866, org.springframework.boot.test.context.SpringBootTestArgs@1, org.springframework.boot.test.context.SpringBootTestWebEnvironment@452e19ca], resourceBasePath = 'src/main/webapp', contextLoader = 'org.springframework.boot.test.context.SpringBootContextLoader', parent = [null]], attributes = map['org.springframework.test.context.web.ServletTestExecutionListener.activateListener' -> true, 'org.springframework.test.context.web.ServletTestExecutionListener.populatedRequestContextHolder' -> true, 'org.springframework.test.context.web.ServletTestExecutionListener.resetRequestContextHolder' -> true, 'org.springframework.test.context.event.ApplicationEventsTestExecutionListener.recordApplicationEvents' -> false]]; transaction manager [org.springframework.orm.jpa.JpaTransactionManager@7894a250]; rollback [true]
2023-08-11 01:12:31.429 DEBUG 2864 --- [    Test worker] org.mybatis.spring.SqlSessionUtils       : Creating a new SqlSession
2023-08-11 01:12:31.436 DEBUG 2864 --- [    Test worker] org.mybatis.spring.SqlSessionUtils       : Registering transaction synchronization for SqlSession [org.apache.ibatis.session.defaults.DefaultSqlSession@7843b65e]
2023-08-11 01:12:31.445 DEBUG 2864 --- [    Test worker] o.m.s.t.SpringManagedTransaction         : JDBC Connection [HikariProxyConnection@1820051628 wrapping com.mysql.cj.jdbc.ConnectionImpl@25131637] will be managed by Spring
2023-08-11 01:12:31.448 DEBUG 2864 --- [    Test worker] c.s.r.r.q.d.r.ReviewMapper.reviewLists   : ==>  Preparing: select * from review
2023-08-11 01:12:31.465 DEBUG 2864 --- [    Test worker] c.s.r.r.q.d.r.ReviewMapper.reviewLists   : ==> Parameters: 
2023-08-11 01:12:31.481 TRACE 2864 --- [    Test worker] c.s.r.r.q.d.r.ReviewMapper.reviewLists   : <==    Columns: review_no, book_mark_cnt, like_cnt, report_cnt, review_content, review_date, review_title, member_no, tag_no
2023-08-11 01:12:31.482 TRACE 2864 --- [    Test worker] c.s.r.r.q.d.r.ReviewMapper.reviewLists   : <==        Row: 1, 0, 0, 0, 컴프즈 문닫음, 2023-08-09, 매실 못먹음, 1, 1
2023-08-11 01:12:31.486 DEBUG 2864 --- [    Test worker] c.s.r.r.q.d.r.ReviewMapper.reviewLists   : <==      Total: 1
2023-08-11 01:12:31.487 DEBUG 2864 --- [    Test worker] org.mybatis.spring.SqlSessionUtils       : Releasing transactional SqlSession [org.apache.ibatis.session.defaults.DefaultSqlSession@7843b65e]
2023-08-11 01:12:31.491 DEBUG 2864 --- [    Test worker] org.mybatis.spring.SqlSessionUtils       : Transaction synchronization deregistering SqlSession [org.apache.ibatis.session.defaults.DefaultSqlSession@7843b65e]
2023-08-11 01:12:31.501 DEBUG 2864 --- [    Test worker] org.mybatis.spring.SqlSessionUtils       : Transaction synchronization closing SqlSession [org.apache.ibatis.session.defaults.DefaultSqlSession@7843b65e]
2023-08-11 01:12:31.504  INFO 2864 --- [    Test worker] o.s.t.c.transaction.TransactionContext   : Rolled back transaction for test: [DefaultTestContext@3524ee20 testClass = ReviewControllerTests, testInstance = com.sixesSense.recorder.review.command.application.controller.ReviewControllerTests@47bae235, testMethod = ReadContent@ReviewControllerTests, testException = [null], mergedContextConfiguration = [WebMergedContextConfiguration@7f93fce1 testClass = ReviewControllerTests, locations = '{}', classes = '{class com.sixesSense.recorder.RecoderApplication}', contextInitializerClasses = '[]', activeProfiles = '{}', propertySourceLocations = '{}', propertySourceProperties = '{org.springframework.boot.test.context.SpringBootTestContextBootstrapper=true}', contextCustomizers = set[org.springframework.boot.test.autoconfigure.actuate.metrics.MetricsExportContextCustomizerFactory$DisableMetricExportContextCustomizer@62163b39, org.springframework.boot.test.autoconfigure.properties.PropertyMappingContextCustomizer@0, org.springframework.boot.test.autoconfigure.web.servlet.WebDriverContextCustomizerFactory$Customizer@cb191ca, org.springframework.boot.test.context.filter.ExcludeFilterContextCustomizer@1f2f9244, org.springframework.boot.test.json.DuplicateJsonObjectContextCustomizerFactory$DuplicateJsonObjectContextCustomizer@758c83d8, org.springframework.boot.test.mock.mockito.MockitoContextCustomizer@0, org.springframework.boot.test.web.client.TestRestTemplateContextCustomizer@e077866, org.springframework.boot.test.context.SpringBootTestArgs@1, org.springframework.boot.test.context.SpringBootTestWebEnvironment@452e19ca], resourceBasePath = 'src/main/webapp', contextLoader = 'org.springframework.boot.test.context.SpringBootContextLoader', parent = [null]], attributes = map['org.springframework.test.context.web.ServletTestExecutionListener.activateListener' -> true, 'org.springframework.test.context.web.ServletTestExecutionListener.populatedRequestContextHolder' -> true, 'org.springframework.test.context.web.ServletTestExecutionListener.resetRequestContextHolder' -> true, 'org.springframework.test.context.event.ApplicationEventsTestExecutionListener.recordApplicationEvents' -> false]]
]]></system-out>
  <system-err><![CDATA[]]></system-err>
</testsuite>
